9 10 20 558 0.0017579409395055527 24
9 10 10 529 0.0018491962045651604 24
9 10 30 586 0.0016731537147545183 24
9 10 40 640 0.0015349220988976114 24
9 10 50 690 0.0014261365820209945 24
9 15 10 525 0.0018458530043149596 24
9 15 20 556 0.0017499617113321839 24
9 15 30 586 0.001661174521587821 24
9 15 40 628 0.0015510867706121094 24
9 15 50 669 0.0014595326399653066 24
9 20 10 509 0.0018854056770283556 24
9 20 20 552 0.0017470633615533598 24
9 20 30 593 0.0016237079036791754 24
9 20 40 639 0.001511650127222758 24
9 20 50 673 0.0014390106176421949 24
9 25 10 513 0.0018543928942971778 24
9 25 20 545 0.0017501619190008477 24
9 25 30 587 0.0016318541646596033 24
9 25 40 625 0.0015350107150484524 24
9 25 50 698 0.0013796361935447911 24
7 10 10 503 0.0019422148278913462 18
7 10 20 522 0.0018739636541118582 18
7 10 30 549 0.0017863868467400677 18
7 10 40 593 0.0016539580287041281 18
7 10 50 631 0.0015592564922434584 18
7 15 10 500 0.0019376041503786506 18
7 15 20 515 0.0018831247377682832 18
7 15 30 552 0.0017579238727165381 18
7 15 40 583 0.001666740797025374 18
7 15 50 621 0.0015700117170232217 18
7 20 10 489 0.001956214451263857 18
7 20 20 512 0.0018801838668523006 18
7 20 30 553 0.001746942594346324 18
7 20 40 588 0.0016414756889316044 18
7 20 50 619 0.0015615555408174868 18
7 25 10 488 0.0019368624470735387 18
7 25 20 505 0.0018790218521431766 18
7 25 30 538 0.0017738823044694976 18
7 25 40 593 0.0016167649524945686 18
7 25 50 614 0.0015615126834771567 18
5 10 10 417 0.002335440279173551 12
5 10 20 466 0.0020936046399218596 12
5 10 30 492 0.0019891181666113144 12
5 10 40 539 0.0018197542905740382 12
5 10 50 567 0.0017286306196655267 12
5 15 10 434 0.0022175153442042217 12
5 15 20 464 0.002085665749776844 12
5 15 30 499 0.001940844473926951 12
5 15 40 512 0.001891295758849256 12
5 15 50 556 0.0017478804834305695 12
5 20 10 421 0.002264686127783741 12
5 20 20 442 0.002158009946217485 12
5 20 30 473 0.002024374605076951 12
5 20 40 517 0.0018575027530575623 12
5 20 50 538 0.0017880870880070787 12
5 25 10 417 0.002257432312458376 12
5 25 20 451 0.0020936625257250525 12
5 25 30 476 0.0019978478839849773 12
5 25 40 497 0.0019044385362873098 12
5 25 50 549 0.0017316201207749824 12
3 10 10 403 0.0024213587210017377 6
3 10 20 393 0.002478706027648003 6
3 10 30 397 0.0024577594754123556 6
3 10 40 407 0.0023919637106598036 6
3 10 50 448 0.0021782071076330406 6
3 15 10 381 0.002507119971873939 6
3 15 20 383 0.0025023074916029715 6
3 15 30 398 0.002410243498463909 6
3 15 40 408 0.0023611388641365107 6
3 15 50 436 0.0022131569996843123 6
3 20 10 380 0.002494789696382804 6
3 20 20 386 0.002461407435676938 6
3 20 20 387 0.002455529869758974 6
3 20 20 384 0.002476758187049103 6
3 20 20 381 0.0024793712468778634 6
3 20 20 389 0.0024426009507871604 6
3 20 30 383 0.0024707174080712078 6
3 20 40 397 0.0023900499347606088 6
3 20 50 418 0.0022832826980803533 6
3 25 10 374 0.0024967084207310956 6
3 25 20 381 0.0024542626948112875 6
3 25 30 381 0.0024447401670191094 6
3 25 40 405 0.002317924188650127 6
3 25 50 415 0.0022594899866491326 6
1 10 10 10 0.05091649694501019 0
1 10 20 18 0.03479471120389701 0
1 10 30 28 0.02462447672986949 0
1 10 40 39 0.019770660340055358 0
1 10 50 39 0.020876826722338204 0
1 15 10 9 0.04101722723543889 0
1 15 20 17 0.030469226081657527 0
1 15 30 29 0.021939447125932425 0
1 15 40 38 0.019091256204658267 0
1 15 50 50 0.015128593040847202 0
1 20 10 10 0.032658393207054215 0
1 20 20 18 0.024968789013732832 0
1 20 30 30 0.019508388607101055 0
1 20 40 33 0.01818181818181818 0
1 20 50 58 0.013101008777675881 0
1 25 10 9 0.026816840976133013 0
1 25 20 18 0.023663038334122102 0
1 25 30 34 0.01725327812284334 0
1 25 40 40 0.015415446277169724 0
1 25 50 55 0.012774655084312723 0
1 10 60 66 0.013123359580052493 0
1 10 70 67 0.013027618551328817 0
1 10 80 91 0.009874592673052237 0
1 12 20 16 0.03683241252302026 0
1 14 20 21 0.027777777777777776 0
1 17 20 21 0.02902757619738752 0
1 10 20 18 0.034223134839151265 0
1 12 20 20 0.030665440049064702 0
1 15 20 17 0.030845157310302282 0
1 17 20 21 0.02403268445085316 0
1 20 20 25 0.021105951878429716 0
1 23 20 23 0.021427040925648167 0
1 25 20 20 0.01892147587511826 0
1 28 20 21 0.019782393669634024 0
